[debug] [2023-05-30T15:00:21.251Z] ----------------------------------------------------------------------
[debug] [2023-05-30T15:00:21.256Z] Command:       C:\_SOFT\nodejs\node.exe C:\Users\ma00719392\AppData\Roaming\npm\node_modules\firebase-tools\lib\bin\firebase.js init
[debug] [2023-05-30T15:00:21.257Z] CLI Version:   12.2.1
[debug] [2023-05-30T15:00:21.258Z] Platform:      win32
[debug] [2023-05-30T15:00:21.259Z] Node Version:  v18.12.1
[debug] [2023-05-30T15:00:21.262Z] Time:          Tue May 30 2023 18:00:21 GMT+0300 (Eastern European Summer Time)
[debug] [2023-05-30T15:00:21.262Z] ----------------------------------------------------------------------
[debug] 
[debug] [2023-05-30T15:00:21.276Z] > command requires scopes: ["email","openid","https://www.googleapis.com/auth/cloudplatformprojects.readonly","https://www.googleapis.com/auth/firebase","https://www.googleapis.com/auth/cloud-platform"]
[debug] [2023-05-30T15:00:21.282Z] > authorizing via signed-in user (alexandru.manoli1700@gmail.com)
[info] 
     ######## #### ########  ######## ########     ###     ######  ########
     ##        ##  ##     ## ##       ##     ##  ##   ##  ##       ##
     ######    ##  ########  ######   ########  #########  ######  ######
     ##        ##  ##    ##  ##       ##     ## ##     ##       ## ##
     ##       #### ##     ## ######## ########  ##     ##  ######  ########

You're about to initialize a Firebase project in this directory:

  C:\Users\ma00719392\Desktop\1_Develop\test

[info] 
=== Project Setup
[info] 
[info] First, let's associate this project directory with a Firebase project.
[info] You can create multiple project aliases by running firebase use --add, 
[info] but for now we'll just set up a default project.
[info] 
[debug] [2023-05-30T15:00:30.295Z] > refreshing access token with scopes: []
[debug] [2023-05-30T15:00:30.300Z] >>> [apiv2][query] POST https://www.googleapis.com/oauth2/v3/token [none]
[debug] [2023-05-30T15:00:30.301Z] >>> [apiv2][body] POST https://www.googleapis.com/oauth2/v3/token [omitted]
[debug] [2023-05-30T15:00:30.708Z] Authentication Error: Your credentials are no longer valid. Please run firebase login --reauth

For CI servers and headless environments, generate a new token with firebase login:ci
[debug] [2023-05-30T15:00:31.043Z] FirebaseError: Authentication Error: Your credentials are no longer valid. Please run firebase login --reauth

For CI servers and headless environments, generate a new token with firebase login:ci
    at invalidCredentialError (C:\Users\ma00719392\AppData\Roaming\npm\node_modules\firebase-tools\lib\auth.js:144:12)
    at refreshTokens (C:\Users\ma00719392\AppData\Roaming\npm\node_modules\firebase-tools\lib\auth.js:508:15)
    at process.processTicksAndRejections (node:internal/process/task_queues:95:5)
    at async Client.getAccessToken (C:\Users\ma00719392\AppData\Roaming\npm\node_modules\firebase-tools\lib\apiv2.js:149:23)
    at async Client.addAuthHeader (C:\Users\ma00719392\AppData\Roaming\npm\node_modules\firebase-tools\lib\apiv2.js:140:21)
    at async Client.request (C:\Users\ma00719392\AppData\Roaming\npm\node_modules\firebase-tools\lib\apiv2.js:96:34)
    at async getProjectPage (C:\Users\ma00719392\AppData\Roaming\npm\node_modules\firebase-tools\lib\management\projects.js:238:17)
    at async getFirebaseProjectPage (C:\Users\ma00719392\AppData\Roaming\npm\node_modules\firebase-tools\lib\management\projects.js:255:23)
    at async selectProjectInteractively (C:\Users\ma00719392\AppData\Roaming\npm\node_modules\firebase-tools\lib\management\projects.js:94:41)
    at async doSetup (C:\Users\ma00719392\AppData\Roaming\npm\node_modules\firebase-tools\lib\init\features\project.js:88:27)
[error] 
[error] Error: Failed to list Firebase projects. See firebase-debug.log for more info.
